2020-01-01
2020-01-31
2020-03-01
2020-03-31
2020-04-30
2020-05-30
2020-06-29
2020-07-29
2020-08-28
2020-09-27
2020-10-27
2020-11-26
2020-12-26
2021-01-25
2021-02-24
2021-03-26
[(datetime.date(2020, 1, 1), datetime.date(2020, 1, 31)), (datetime.date(2020, 1, 31), datetime.date(2020, 3, 1)), (datetime.date(2020, 3, 1), datetime.date(2020, 3, 31)), (datetime.date(2020, 3, 31), datetime.date(2020, 4, 30)), (datetime.date(2020, 4, 30), datetime.date(2020, 5, 30)), (datetime.date(2020, 5, 30), datetime.date(2020, 6, 29)), (datetime.date(2020, 6, 29), datetime.date(2020, 7, 29)), (datetime.date(2020, 7, 29), datetime.date(2020, 8, 28)), (datetime.date(2020, 8, 28), datetime.date(2020, 9, 27)), (datetime.date(2020, 9, 27), datetime.date(2020, 10, 27)), (datetime.date(2020, 10, 27), datetime.date(2020, 11, 26)), (datetime.date(2020, 11, 26), datetime.date(2020, 12, 26)), (datetime.date(2020, 12, 26), datetime.date(2021, 1, 25)), (datetime.date(2021, 1, 25), datetime.date(2021, 2, 24)), (datetime.date(2021, 2, 24), datetime.date(2021, 3, 26)), (datetime.date(2021, 3, 26), datetime.date(2021, 4, 25))]
                                              user_id  ...  factual_factor
0   ddf62a134f09db7a6056190d594bd41ff2f4cf04faf5db...  ...        1.666667
1   a78d753b103a2a4310ad6d1d49723733a6e4744bbf1beb...  ...        2.000000
2   19a734ee97b484a1a6c9625a1a3a0b5ddbabde3679ee2c...  ...        2.015873
3   d57699be1824c59714fb9a799b7b5b670227b07e2bde00...  ...        1.500000
4   26d0132074c91843483fb0f8b0378083f876d748be172b...  ...        0.583333
5   9905cf47617f7c6a4c38ffa57f5bae048b94fec61a339c...  ...        2.000000
6   096846064c66c7a73d5cc7a7341d2ffa637d2e86e21b14...  ...        1.800000
7   67ffb77c37ab42f6c413c96155838369325075d672f2e6...  ...        1.250000
8   ddd77aebb4eb4cac21edc339e54c6618493a0cf64310c8...  ...        1.857143
9   1edaed6330d2c832ebeaed54362ee1c22bf0c44bd2a85f...  ...        2.000000
10  010b78ac1ec4284102c6244f2eb932530419ed02001753...  ...        2.000000
11  0c2eea434fdde4bd88ded090dca13a9fd343535718fc3c...  ...        2.000000
12  04c2e73f157c82f805c8a398f45bf43eaa6a86b52b34e9...  ...        1.891304
13  f9bacd85103c1b75ac76d44964ecf32214cb33f8988649...  ...        1.800000
14  024c5f715364ad0fe088cae6d989a1c09cb70949a0da41...  ...        1.300000
15  da89f9db044ed2747ad8add9d3788ac907f45ea1a95606...  ...        1.000000
16  0a80ba1ff18720b4d70297ce43b9959df77eaffaacc11c...  ...        1.875000
17  5fbb2a6866528b0410cea276b8b8e0147da9c6e2e82723...  ...        1.700000
18  cee683da40f5f3f07d85bf5790c8028a30932b46e1f5af...  ...        2.000000
20  b49f6b049c11669f01c6a6418b295738760af16d82e6da...  ...        1.854839

[20 rows x 15 columns]
Generating timeframed embeddings
Generating source timeframe...
Exception while embedding user ddf62a134f09db7a6056190d594bd41ff2f4cf04faf5db32406bbec473f46935
'ddf62a134f09db7a6056190d594bd41ff2f4cf04faf5db32406bbec473f46935'
Exception while embedding user a78d753b103a2a4310ad6d1d49723733a6e4744bbf1beb4d0e484a48fcf73870
'a78d753b103a2a4310ad6d1d49723733a6e4744bbf1beb4d0e484a48fcf73870'
Exception while embedding user 19a734ee97b484a1a6c9625a1a3a0b5ddbabde3679ee2c8e25e85dc6017bff59
'19a734ee97b484a1a6c9625a1a3a0b5ddbabde3679ee2c8e25e85dc6017bff59'
Exception while embedding user d57699be1824c59714fb9a799b7b5b670227b07e2bde0064536151f6cf8fd9fd
'd57699be1824c59714fb9a799b7b5b670227b07e2bde0064536151f6cf8fd9fd'
Exception while embedding user 26d0132074c91843483fb0f8b0378083f876d748be172b7f8982511d36771efe
'26d0132074c91843483fb0f8b0378083f876d748be172b7f8982511d36771efe'
Exception while embedding user 9905cf47617f7c6a4c38ffa57f5bae048b94fec61a339ce3e07bdbd53db74352
'9905cf47617f7c6a4c38ffa57f5bae048b94fec61a339ce3e07bdbd53db74352'
Exception while embedding user 096846064c66c7a73d5cc7a7341d2ffa637d2e86e21b145df470017b0d4ceec0
'096846064c66c7a73d5cc7a7341d2ffa637d2e86e21b145df470017b0d4ceec0'
Exception while embedding user 67ffb77c37ab42f6c413c96155838369325075d672f2e687fb5bd1f07010c2ca
'67ffb77c37ab42f6c413c96155838369325075d672f2e687fb5bd1f07010c2ca'
Exception while embedding user ddd77aebb4eb4cac21edc339e54c6618493a0cf64310c8faa9df0c178b0161ea
'ddd77aebb4eb4cac21edc339e54c6618493a0cf64310c8faa9df0c178b0161ea'
Exception while embedding user 1edaed6330d2c832ebeaed54362ee1c22bf0c44bd2a85f6b420ba648a0f62366
'1edaed6330d2c832ebeaed54362ee1c22bf0c44bd2a85f6b420ba648a0f62366'
Exception while embedding user 010b78ac1ec4284102c6244f2eb932530419ed020017535334c90c15f99e8bc7
'010b78ac1ec4284102c6244f2eb932530419ed020017535334c90c15f99e8bc7'
Exception while embedding user 0c2eea434fdde4bd88ded090dca13a9fd343535718fc3ca0fcfb3b1f0ea10b5a
'0c2eea434fdde4bd88ded090dca13a9fd343535718fc3ca0fcfb3b1f0ea10b5a'
Exception while embedding user 04c2e73f157c82f805c8a398f45bf43eaa6a86b52b34e93e7b208d5087256781
'04c2e73f157c82f805c8a398f45bf43eaa6a86b52b34e93e7b208d5087256781'
Exception while embedding user f9bacd85103c1b75ac76d44964ecf32214cb33f89886490cd56c37bc28abd935
'f9bacd85103c1b75ac76d44964ecf32214cb33f89886490cd56c37bc28abd935'
Exception while embedding user 024c5f715364ad0fe088cae6d989a1c09cb70949a0da416634d06932f85b86ca
'024c5f715364ad0fe088cae6d989a1c09cb70949a0da416634d06932f85b86ca'
Exception while embedding user da89f9db044ed2747ad8add9d3788ac907f45ea1a9560693e32ae78980e16f05
'da89f9db044ed2747ad8add9d3788ac907f45ea1a9560693e32ae78980e16f05'
Exception while embedding user 0a80ba1ff18720b4d70297ce43b9959df77eaffaacc11c7a7cdb507066318187
'0a80ba1ff18720b4d70297ce43b9959df77eaffaacc11c7a7cdb507066318187'
Exception while embedding user 5fbb2a6866528b0410cea276b8b8e0147da9c6e2e827230823b291d70a38d9f5
'5fbb2a6866528b0410cea276b8b8e0147da9c6e2e827230823b291d70a38d9f5'
Exception while embedding user cee683da40f5f3f07d85bf5790c8028a30932b46e1f5aff42fd3db233c329923
'cee683da40f5f3f07d85bf5790c8028a30932b46e1f5aff42fd3db233c329923'
Exception while embedding user b49f6b049c11669f01c6a6418b295738760af16d82e6da7a02375537f6ae64f2
'b49f6b049c11669f01c6a6418b295738760af16d82e6da7a02375537f6ae64f2'
Elapsed time:0.016524314880371094
Generating source timeframe...
Exception while embedding user ddf62a134f09db7a6056190d594bd41ff2f4cf04faf5db32406bbec473f46935
'ddf62a134f09db7a6056190d594bd41ff2f4cf04faf5db32406bbec473f46935'
Exception while embedding user a78d753b103a2a4310ad6d1d49723733a6e4744bbf1beb4d0e484a48fcf73870
'a78d753b103a2a4310ad6d1d49723733a6e4744bbf1beb4d0e484a48fcf73870'
Exception while embedding user 19a734ee97b484a1a6c9625a1a3a0b5ddbabde3679ee2c8e25e85dc6017bff59
'19a734ee97b484a1a6c9625a1a3a0b5ddbabde3679ee2c8e25e85dc6017bff59'
Exception while embedding user d57699be1824c59714fb9a799b7b5b670227b07e2bde0064536151f6cf8fd9fd
'd57699be1824c59714fb9a799b7b5b670227b07e2bde0064536151f6cf8fd9fd'
Exception while embedding user 26d0132074c91843483fb0f8b0378083f876d748be172b7f8982511d36771efe
'26d0132074c91843483fb0f8b0378083f876d748be172b7f8982511d36771efe'
Exception while embedding user 9905cf47617f7c6a4c38ffa57f5bae048b94fec61a339ce3e07bdbd53db74352
'9905cf47617f7c6a4c38ffa57f5bae048b94fec61a339ce3e07bdbd53db74352'
Exception while embedding user 096846064c66c7a73d5cc7a7341d2ffa637d2e86e21b145df470017b0d4ceec0
'096846064c66c7a73d5cc7a7341d2ffa637d2e86e21b145df470017b0d4ceec0'
Exception while embedding user 67ffb77c37ab42f6c413c96155838369325075d672f2e687fb5bd1f07010c2ca
'67ffb77c37ab42f6c413c96155838369325075d672f2e687fb5bd1f07010c2ca'
Exception while embedding user ddd77aebb4eb4cac21edc339e54c6618493a0cf64310c8faa9df0c178b0161ea
'ddd77aebb4eb4cac21edc339e54c6618493a0cf64310c8faa9df0c178b0161ea'
Exception while embedding user 1edaed6330d2c832ebeaed54362ee1c22bf0c44bd2a85f6b420ba648a0f62366
'1edaed6330d2c832ebeaed54362ee1c22bf0c44bd2a85f6b420ba648a0f62366'
Exception while embedding user 010b78ac1ec4284102c6244f2eb932530419ed020017535334c90c15f99e8bc7
'010b78ac1ec4284102c6244f2eb932530419ed020017535334c90c15f99e8bc7'
Exception while embedding user 0c2eea434fdde4bd88ded090dca13a9fd343535718fc3ca0fcfb3b1f0ea10b5a
'0c2eea434fdde4bd88ded090dca13a9fd343535718fc3ca0fcfb3b1f0ea10b5a'
Exception while embedding user 04c2e73f157c82f805c8a398f45bf43eaa6a86b52b34e93e7b208d5087256781
'04c2e73f157c82f805c8a398f45bf43eaa6a86b52b34e93e7b208d5087256781'
Exception while embedding user f9bacd85103c1b75ac76d44964ecf32214cb33f89886490cd56c37bc28abd935
'f9bacd85103c1b75ac76d44964ecf32214cb33f89886490cd56c37bc28abd935'
Exception while embedding user 024c5f715364ad0fe088cae6d989a1c09cb70949a0da416634d06932f85b86ca
'024c5f715364ad0fe088cae6d989a1c09cb70949a0da416634d06932f85b86ca'
Exception while embedding user da89f9db044ed2747ad8add9d3788ac907f45ea1a9560693e32ae78980e16f05
'da89f9db044ed2747ad8add9d3788ac907f45ea1a9560693e32ae78980e16f05'
Exception while embedding user 0a80ba1ff18720b4d70297ce43b9959df77eaffaacc11c7a7cdb507066318187
'0a80ba1ff18720b4d70297ce43b9959df77eaffaacc11c7a7cdb507066318187'
Exception while embedding user 5fbb2a6866528b0410cea276b8b8e0147da9c6e2e827230823b291d70a38d9f5
'5fbb2a6866528b0410cea276b8b8e0147da9c6e2e827230823b291d70a38d9f5'
Exception while embedding user cee683da40f5f3f07d85bf5790c8028a30932b46e1f5aff42fd3db233c329923
'cee683da40f5f3f07d85bf5790c8028a30932b46e1f5aff42fd3db233c329923'
Exception while embedding user b49f6b049c11669f01c6a6418b295738760af16d82e6da7a02375537f6ae64f2
'b49f6b049c11669f01c6a6418b295738760af16d82e6da7a02375537f6ae64f2'
Elapsed time:0.004763364791870117
Generating source timeframe...
Exception while embedding user ddf62a134f09db7a6056190d594bd41ff2f4cf04faf5db32406bbec473f46935
'ddf62a134f09db7a6056190d594bd41ff2f4cf04faf5db32406bbec473f46935'
Exception while embedding user a78d753b103a2a4310ad6d1d49723733a6e4744bbf1beb4d0e484a48fcf73870
'a78d753b103a2a4310ad6d1d49723733a6e4744bbf1beb4d0e484a48fcf73870'
Exception while embedding user 19a734ee97b484a1a6c9625a1a3a0b5ddbabde3679ee2c8e25e85dc6017bff59
'19a734ee97b484a1a6c9625a1a3a0b5ddbabde3679ee2c8e25e85dc6017bff59'
Exception while embedding user d57699be1824c59714fb9a799b7b5b670227b07e2bde0064536151f6cf8fd9fd
'd57699be1824c59714fb9a799b7b5b670227b07e2bde0064536151f6cf8fd9fd'
Exception while embedding user 26d0132074c91843483fb0f8b0378083f876d748be172b7f8982511d36771efe
'26d0132074c91843483fb0f8b0378083f876d748be172b7f8982511d36771efe'
Exception while embedding user 9905cf47617f7c6a4c38ffa57f5bae048b94fec61a339ce3e07bdbd53db74352
'9905cf47617f7c6a4c38ffa57f5bae048b94fec61a339ce3e07bdbd53db74352'
Exception while embedding user 096846064c66c7a73d5cc7a7341d2ffa637d2e86e21b145df470017b0d4ceec0
'096846064c66c7a73d5cc7a7341d2ffa637d2e86e21b145df470017b0d4ceec0'
Exception while embedding user 67ffb77c37ab42f6c413c96155838369325075d672f2e687fb5bd1f07010c2ca
'67ffb77c37ab42f6c413c96155838369325075d672f2e687fb5bd1f07010c2ca'
Exception while embedding user ddd77aebb4eb4cac21edc339e54c6618493a0cf64310c8faa9df0c178b0161ea
'ddd77aebb4eb4cac21edc339e54c6618493a0cf64310c8faa9df0c178b0161ea'
Exception while embedding user 1edaed6330d2c832ebeaed54362ee1c22bf0c44bd2a85f6b420ba648a0f62366
'1edaed6330d2c832ebeaed54362ee1c22bf0c44bd2a85f6b420ba648a0f62366'
Exception while embedding user 010b78ac1ec4284102c6244f2eb932530419ed020017535334c90c15f99e8bc7
'010b78ac1ec4284102c6244f2eb932530419ed020017535334c90c15f99e8bc7'
Exception while embedding user 0c2eea434fdde4bd88ded090dca13a9fd343535718fc3ca0fcfb3b1f0ea10b5a
'0c2eea434fdde4bd88ded090dca13a9fd343535718fc3ca0fcfb3b1f0ea10b5a'
Exception while embedding user 04c2e73f157c82f805c8a398f45bf43eaa6a86b52b34e93e7b208d5087256781
'04c2e73f157c82f805c8a398f45bf43eaa6a86b52b34e93e7b208d5087256781'
Exception while embedding user f9bacd85103c1b75ac76d44964ecf32214cb33f89886490cd56c37bc28abd935
'f9bacd85103c1b75ac76d44964ecf32214cb33f89886490cd56c37bc28abd935'
Exception while embedding user 024c5f715364ad0fe088cae6d989a1c09cb70949a0da416634d06932f85b86ca
'024c5f715364ad0fe088cae6d989a1c09cb70949a0da416634d06932f85b86ca'
Exception while embedding user da89f9db044ed2747ad8add9d3788ac907f45ea1a9560693e32ae78980e16f05
'da89f9db044ed2747ad8add9d3788ac907f45ea1a9560693e32ae78980e16f05'
Exception while embedding user 0a80ba1ff18720b4d70297ce43b9959df77eaffaacc11c7a7cdb507066318187
'0a80ba1ff18720b4d70297ce43b9959df77eaffaacc11c7a7cdb507066318187'
Exception while embedding user 5fbb2a6866528b0410cea276b8b8e0147da9c6e2e827230823b291d70a38d9f5
'5fbb2a6866528b0410cea276b8b8e0147da9c6e2e827230823b291d70a38d9f5'
Exception while embedding user cee683da40f5f3f07d85bf5790c8028a30932b46e1f5aff42fd3db233c329923
'cee683da40f5f3f07d85bf5790c8028a30932b46e1f5aff42fd3db233c329923'
Exception while embedding user b49f6b049c11669f01c6a6418b295738760af16d82e6da7a02375537f6ae64f2
'b49f6b049c11669f01c6a6418b295738760af16d82e6da7a02375537f6ae64f2'
Elapsed time:0.004581928253173828
Generating source timeframe...
Exception while embedding user ddf62a134f09db7a6056190d594bd41ff2f4cf04faf5db32406bbec473f46935
'ddf62a134f09db7a6056190d594bd41ff2f4cf04faf5db32406bbec473f46935'
Exception while embedding user a78d753b103a2a4310ad6d1d49723733a6e4744bbf1beb4d0e484a48fcf73870
'a78d753b103a2a4310ad6d1d49723733a6e4744bbf1beb4d0e484a48fcf73870'
Exception while embedding user 19a734ee97b484a1a6c9625a1a3a0b5ddbabde3679ee2c8e25e85dc6017bff59
'19a734ee97b484a1a6c9625a1a3a0b5ddbabde3679ee2c8e25e85dc6017bff59'
Exception while embedding user d57699be1824c59714fb9a799b7b5b670227b07e2bde0064536151f6cf8fd9fd
'd57699be1824c59714fb9a799b7b5b670227b07e2bde0064536151f6cf8fd9fd'
Exception while embedding user 26d0132074c91843483fb0f8b0378083f876d748be172b7f8982511d36771efe
'26d0132074c91843483fb0f8b0378083f876d748be172b7f8982511d36771efe'
Exception while embedding user 9905cf47617f7c6a4c38ffa57f5bae048b94fec61a339ce3e07bdbd53db74352
'9905cf47617f7c6a4c38ffa57f5bae048b94fec61a339ce3e07bdbd53db74352'
Exception while embedding user 096846064c66c7a73d5cc7a7341d2ffa637d2e86e21b145df470017b0d4ceec0
'096846064c66c7a73d5cc7a7341d2ffa637d2e86e21b145df470017b0d4ceec0'
Exception while embedding user 67ffb77c37ab42f6c413c96155838369325075d672f2e687fb5bd1f07010c2ca
'67ffb77c37ab42f6c413c96155838369325075d672f2e687fb5bd1f07010c2ca'
Exception while embedding user ddd77aebb4eb4cac21edc339e54c6618493a0cf64310c8faa9df0c178b0161ea
'ddd77aebb4eb4cac21edc339e54c6618493a0cf64310c8faa9df0c178b0161ea'
Exception while embedding user 1edaed6330d2c832ebeaed54362ee1c22bf0c44bd2a85f6b420ba648a0f62366
'1edaed6330d2c832ebeaed54362ee1c22bf0c44bd2a85f6b420ba648a0f62366'
Exception while embedding user 010b78ac1ec4284102c6244f2eb932530419ed020017535334c90c15f99e8bc7
'010b78ac1ec4284102c6244f2eb932530419ed020017535334c90c15f99e8bc7'
Exception while embedding user 0c2eea434fdde4bd88ded090dca13a9fd343535718fc3ca0fcfb3b1f0ea10b5a
'0c2eea434fdde4bd88ded090dca13a9fd343535718fc3ca0fcfb3b1f0ea10b5a'
Exception while embedding user 04c2e73f157c82f805c8a398f45bf43eaa6a86b52b34e93e7b208d5087256781
'04c2e73f157c82f805c8a398f45bf43eaa6a86b52b34e93e7b208d5087256781'
Exception while embedding user f9bacd85103c1b75ac76d44964ecf32214cb33f89886490cd56c37bc28abd935
'f9bacd85103c1b75ac76d44964ecf32214cb33f89886490cd56c37bc28abd935'
Exception while embedding user 024c5f715364ad0fe088cae6d989a1c09cb70949a0da416634d06932f85b86ca
'024c5f715364ad0fe088cae6d989a1c09cb70949a0da416634d06932f85b86ca'
Exception while embedding user da89f9db044ed2747ad8add9d3788ac907f45ea1a9560693e32ae78980e16f05
'da89f9db044ed2747ad8add9d3788ac907f45ea1a9560693e32ae78980e16f05'
Exception while embedding user 0a80ba1ff18720b4d70297ce43b9959df77eaffaacc11c7a7cdb507066318187
'0a80ba1ff18720b4d70297ce43b9959df77eaffaacc11c7a7cdb507066318187'
Exception while embedding user 5fbb2a6866528b0410cea276b8b8e0147da9c6e2e827230823b291d70a38d9f5
'5fbb2a6866528b0410cea276b8b8e0147da9c6e2e827230823b291d70a38d9f5'
Exception while embedding user cee683da40f5f3f07d85bf5790c8028a30932b46e1f5aff42fd3db233c329923
'cee683da40f5f3f07d85bf5790c8028a30932b46e1f5aff42fd3db233c329923'
Exception while embedding user b49f6b049c11669f01c6a6418b295738760af16d82e6da7a02375537f6ae64f2
'b49f6b049c11669f01c6a6418b295738760af16d82e6da7a02375537f6ae64f2'
Elapsed time:0.004807949066162109
Generating source timeframe...
Exception while embedding user ddf62a134f09db7a6056190d594bd41ff2f4cf04faf5db32406bbec473f46935
'ddf62a134f09db7a6056190d594bd41ff2f4cf04faf5db32406bbec473f46935'
Exception while embedding user a78d753b103a2a4310ad6d1d49723733a6e4744bbf1beb4d0e484a48fcf73870
'a78d753b103a2a4310ad6d1d49723733a6e4744bbf1beb4d0e484a48fcf73870'
Exception while embedding user 19a734ee97b484a1a6c9625a1a3a0b5ddbabde3679ee2c8e25e85dc6017bff59
'19a734ee97b484a1a6c9625a1a3a0b5ddbabde3679ee2c8e25e85dc6017bff59'
Exception while embedding user d57699be1824c59714fb9a799b7b5b670227b07e2bde0064536151f6cf8fd9fd
'd57699be1824c59714fb9a799b7b5b670227b07e2bde0064536151f6cf8fd9fd'
Exception while embedding user 26d0132074c91843483fb0f8b0378083f876d748be172b7f8982511d36771efe
'26d0132074c91843483fb0f8b0378083f876d748be172b7f8982511d36771efe'
Exception while embedding user 9905cf47617f7c6a4c38ffa57f5bae048b94fec61a339ce3e07bdbd53db74352
'9905cf47617f7c6a4c38ffa57f5bae048b94fec61a339ce3e07bdbd53db74352'
Exception while embedding user 096846064c66c7a73d5cc7a7341d2ffa637d2e86e21b145df470017b0d4ceec0
'096846064c66c7a73d5cc7a7341d2ffa637d2e86e21b145df470017b0d4ceec0'
Exception while embedding user 67ffb77c37ab42f6c413c96155838369325075d672f2e687fb5bd1f07010c2ca
'67ffb77c37ab42f6c413c96155838369325075d672f2e687fb5bd1f07010c2ca'
Exception while embedding user ddd77aebb4eb4cac21edc339e54c6618493a0cf64310c8faa9df0c178b0161ea
'ddd77aebb4eb4cac21edc339e54c6618493a0cf64310c8faa9df0c178b0161ea'
Exception while embedding user 1edaed6330d2c832ebeaed54362ee1c22bf0c44bd2a85f6b420ba648a0f62366
'1edaed6330d2c832ebeaed54362ee1c22bf0c44bd2a85f6b420ba648a0f62366'
Exception while embedding user 010b78ac1ec4284102c6244f2eb932530419ed020017535334c90c15f99e8bc7
'010b78ac1ec4284102c6244f2eb932530419ed020017535334c90c15f99e8bc7'
Exception while embedding user 0c2eea434fdde4bd88ded090dca13a9fd343535718fc3ca0fcfb3b1f0ea10b5a
'0c2eea434fdde4bd88ded090dca13a9fd343535718fc3ca0fcfb3b1f0ea10b5a'
Exception while embedding user 04c2e73f157c82f805c8a398f45bf43eaa6a86b52b34e93e7b208d5087256781
'04c2e73f157c82f805c8a398f45bf43eaa6a86b52b34e93e7b208d5087256781'
Exception while embedding user f9bacd85103c1b75ac76d44964ecf32214cb33f89886490cd56c37bc28abd935
'f9bacd85103c1b75ac76d44964ecf32214cb33f89886490cd56c37bc28abd935'
Exception while embedding user 024c5f715364ad0fe088cae6d989a1c09cb70949a0da416634d06932f85b86ca
'024c5f715364ad0fe088cae6d989a1c09cb70949a0da416634d06932f85b86ca'
Exception while embedding user da89f9db044ed2747ad8add9d3788ac907f45ea1a9560693e32ae78980e16f05
'da89f9db044ed2747ad8add9d3788ac907f45ea1a9560693e32ae78980e16f05'
Exception while embedding user 0a80ba1ff18720b4d70297ce43b9959df77eaffaacc11c7a7cdb507066318187
'0a80ba1ff18720b4d70297ce43b9959df77eaffaacc11c7a7cdb507066318187'
Exception while embedding user 5fbb2a6866528b0410cea276b8b8e0147da9c6e2e827230823b291d70a38d9f5
'5fbb2a6866528b0410cea276b8b8e0147da9c6e2e827230823b291d70a38d9f5'
Exception while embedding user cee683da40f5f3f07d85bf5790c8028a30932b46e1f5aff42fd3db233c329923
'cee683da40f5f3f07d85bf5790c8028a30932b46e1f5aff42fd3db233c329923'
Exception while embedding user b49f6b049c11669f01c6a6418b295738760af16d82e6da7a02375537f6ae64f2
'b49f6b049c11669f01c6a6418b295738760af16d82e6da7a02375537f6ae64f2'
Elapsed time:0.005083799362182617
Generating source timeframe...
Exception while embedding user ddf62a134f09db7a6056190d594bd41ff2f4cf04faf5db32406bbec473f46935
'ddf62a134f09db7a6056190d594bd41ff2f4cf04faf5db32406bbec473f46935'
Exception while embedding user a78d753b103a2a4310ad6d1d49723733a6e4744bbf1beb4d0e484a48fcf73870
'a78d753b103a2a4310ad6d1d49723733a6e4744bbf1beb4d0e484a48fcf73870'
Exception while embedding user 19a734ee97b484a1a6c9625a1a3a0b5ddbabde3679ee2c8e25e85dc6017bff59
'19a734ee97b484a1a6c9625a1a3a0b5ddbabde3679ee2c8e25e85dc6017bff59'
Exception while embedding user d57699be1824c59714fb9a799b7b5b670227b07e2bde0064536151f6cf8fd9fd
'd57699be1824c59714fb9a799b7b5b670227b07e2bde0064536151f6cf8fd9fd'
Exception while embedding user 26d0132074c91843483fb0f8b0378083f876d748be172b7f8982511d36771efe
'26d0132074c91843483fb0f8b0378083f876d748be172b7f8982511d36771efe'
Exception while embedding user 9905cf47617f7c6a4c38ffa57f5bae048b94fec61a339ce3e07bdbd53db74352
'9905cf47617f7c6a4c38ffa57f5bae048b94fec61a339ce3e07bdbd53db74352'
Exception while embedding user 096846064c66c7a73d5cc7a7341d2ffa637d2e86e21b145df470017b0d4ceec0
'096846064c66c7a73d5cc7a7341d2ffa637d2e86e21b145df470017b0d4ceec0'
Exception while embedding user 67ffb77c37ab42f6c413c96155838369325075d672f2e687fb5bd1f07010c2ca
'67ffb77c37ab42f6c413c96155838369325075d672f2e687fb5bd1f07010c2ca'
Exception while embedding user ddd77aebb4eb4cac21edc339e54c6618493a0cf64310c8faa9df0c178b0161ea
'ddd77aebb4eb4cac21edc339e54c6618493a0cf64310c8faa9df0c178b0161ea'
Exception while embedding user 1edaed6330d2c832ebeaed54362ee1c22bf0c44bd2a85f6b420ba648a0f62366
'1edaed6330d2c832ebeaed54362ee1c22bf0c44bd2a85f6b420ba648a0f62366'
Exception while embedding user 010b78ac1ec4284102c6244f2eb932530419ed020017535334c90c15f99e8bc7
'010b78ac1ec4284102c6244f2eb932530419ed020017535334c90c15f99e8bc7'
Exception while embedding user 0c2eea434fdde4bd88ded090dca13a9fd343535718fc3ca0fcfb3b1f0ea10b5a
'0c2eea434fdde4bd88ded090dca13a9fd343535718fc3ca0fcfb3b1f0ea10b5a'
Exception while embedding user 04c2e73f157c82f805c8a398f45bf43eaa6a86b52b34e93e7b208d5087256781
'04c2e73f157c82f805c8a398f45bf43eaa6a86b52b34e93e7b208d5087256781'
Exception while embedding user f9bacd85103c1b75ac76d44964ecf32214cb33f89886490cd56c37bc28abd935
'f9bacd85103c1b75ac76d44964ecf32214cb33f89886490cd56c37bc28abd935'
Exception while embedding user 024c5f715364ad0fe088cae6d989a1c09cb70949a0da416634d06932f85b86ca
'024c5f715364ad0fe088cae6d989a1c09cb70949a0da416634d06932f85b86ca'
Exception while embedding user da89f9db044ed2747ad8add9d3788ac907f45ea1a9560693e32ae78980e16f05
'da89f9db044ed2747ad8add9d3788ac907f45ea1a9560693e32ae78980e16f05'
Exception while embedding user 0a80ba1ff18720b4d70297ce43b9959df77eaffaacc11c7a7cdb507066318187
'0a80ba1ff18720b4d70297ce43b9959df77eaffaacc11c7a7cdb507066318187'
Exception while embedding user 5fbb2a6866528b0410cea276b8b8e0147da9c6e2e827230823b291d70a38d9f5
'5fbb2a6866528b0410cea276b8b8e0147da9c6e2e827230823b291d70a38d9f5'
Exception while embedding user cee683da40f5f3f07d85bf5790c8028a30932b46e1f5aff42fd3db233c329923
'cee683da40f5f3f07d85bf5790c8028a30932b46e1f5aff42fd3db233c329923'
Exception while embedding user b49f6b049c11669f01c6a6418b295738760af16d82e6da7a02375537f6ae64f2
'b49f6b049c11669f01c6a6418b295738760af16d82e6da7a02375537f6ae64f2'
Elapsed time:0.004417896270751953
Generating source timeframe...
Exception while embedding user ddf62a134f09db7a6056190d594bd41ff2f4cf04faf5db32406bbec473f46935
'ddf62a134f09db7a6056190d594bd41ff2f4cf04faf5db32406bbec473f46935'
Exception while embedding user a78d753b103a2a4310ad6d1d49723733a6e4744bbf1beb4d0e484a48fcf73870
'a78d753b103a2a4310ad6d1d49723733a6e4744bbf1beb4d0e484a48fcf73870'
Exception while embedding user 19a734ee97b484a1a6c9625a1a3a0b5ddbabde3679ee2c8e25e85dc6017bff59
'19a734ee97b484a1a6c9625a1a3a0b5ddbabde3679ee2c8e25e85dc6017bff59'
Exception while embedding user d57699be1824c59714fb9a799b7b5b670227b07e2bde0064536151f6cf8fd9fd
'd57699be1824c59714fb9a799b7b5b670227b07e2bde0064536151f6cf8fd9fd'
Exception while embedding user 26d0132074c91843483fb0f8b0378083f876d748be172b7f8982511d36771efe
'26d0132074c91843483fb0f8b0378083f876d748be172b7f8982511d36771efe'
Exception while embedding user 9905cf47617f7c6a4c38ffa57f5bae048b94fec61a339ce3e07bdbd53db74352
'9905cf47617f7c6a4c38ffa57f5bae048b94fec61a339ce3e07bdbd53db74352'
Exception while embedding user 096846064c66c7a73d5cc7a7341d2ffa637d2e86e21b145df470017b0d4ceec0
'096846064c66c7a73d5cc7a7341d2ffa637d2e86e21b145df470017b0d4ceec0'
Exception while embedding user 67ffb77c37ab42f6c413c96155838369325075d672f2e687fb5bd1f07010c2ca
'67ffb77c37ab42f6c413c96155838369325075d672f2e687fb5bd1f07010c2ca'
Exception while embedding user ddd77aebb4eb4cac21edc339e54c6618493a0cf64310c8faa9df0c178b0161ea
'ddd77aebb4eb4cac21edc339e54c6618493a0cf64310c8faa9df0c178b0161ea'
Exception while embedding user 1edaed6330d2c832ebeaed54362ee1c22bf0c44bd2a85f6b420ba648a0f62366
'1edaed6330d2c832ebeaed54362ee1c22bf0c44bd2a85f6b420ba648a0f62366'
Exception while embedding user 010b78ac1ec4284102c6244f2eb932530419ed020017535334c90c15f99e8bc7
'010b78ac1ec4284102c6244f2eb932530419ed020017535334c90c15f99e8bc7'
Exception while embedding user 0c2eea434fdde4bd88ded090dca13a9fd343535718fc3ca0fcfb3b1f0ea10b5a
'0c2eea434fdde4bd88ded090dca13a9fd343535718fc3ca0fcfb3b1f0ea10b5a'
Exception while embedding user 04c2e73f157c82f805c8a398f45bf43eaa6a86b52b34e93e7b208d5087256781
'04c2e73f157c82f805c8a398f45bf43eaa6a86b52b34e93e7b208d5087256781'
Exception while embedding user f9bacd85103c1b75ac76d44964ecf32214cb33f89886490cd56c37bc28abd935
'f9bacd85103c1b75ac76d44964ecf32214cb33f89886490cd56c37bc28abd935'
Exception while embedding user 024c5f715364ad0fe088cae6d989a1c09cb70949a0da416634d06932f85b86ca
'024c5f715364ad0fe088cae6d989a1c09cb70949a0da416634d06932f85b86ca'
Exception while embedding user da89f9db044ed2747ad8add9d3788ac907f45ea1a9560693e32ae78980e16f05
'da89f9db044ed2747ad8add9d3788ac907f45ea1a9560693e32ae78980e16f05'
Exception while embedding user 0a80ba1ff18720b4d70297ce43b9959df77eaffaacc11c7a7cdb507066318187
'0a80ba1ff18720b4d70297ce43b9959df77eaffaacc11c7a7cdb507066318187'
Exception while embedding user 5fbb2a6866528b0410cea276b8b8e0147da9c6e2e827230823b291d70a38d9f5
'5fbb2a6866528b0410cea276b8b8e0147da9c6e2e827230823b291d70a38d9f5'
Exception while embedding user cee683da40f5f3f07d85bf5790c8028a30932b46e1f5aff42fd3db233c329923
'cee683da40f5f3f07d85bf5790c8028a30932b46e1f5aff42fd3db233c329923'
Exception while embedding user b49f6b049c11669f01c6a6418b295738760af16d82e6da7a02375537f6ae64f2
'b49f6b049c11669f01c6a6418b295738760af16d82e6da7a02375537f6ae64f2'
Elapsed time:0.0047037601470947266
Generating source timeframe...
Exception while embedding user ddf62a134f09db7a6056190d594bd41ff2f4cf04faf5db32406bbec473f46935
'ddf62a134f09db7a6056190d594bd41ff2f4cf04faf5db32406bbec473f46935'
Exception while embedding user a78d753b103a2a4310ad6d1d49723733a6e4744bbf1beb4d0e484a48fcf73870
'a78d753b103a2a4310ad6d1d49723733a6e4744bbf1beb4d0e484a48fcf73870'
Exception while embedding user 19a734ee97b484a1a6c9625a1a3a0b5ddbabde3679ee2c8e25e85dc6017bff59
'19a734ee97b484a1a6c9625a1a3a0b5ddbabde3679ee2c8e25e85dc6017bff59'
Exception while embedding user d57699be1824c59714fb9a799b7b5b670227b07e2bde0064536151f6cf8fd9fd
'd57699be1824c59714fb9a799b7b5b670227b07e2bde0064536151f6cf8fd9fd'
Exception while embedding user 26d0132074c91843483fb0f8b0378083f876d748be172b7f8982511d36771efe
'26d0132074c91843483fb0f8b0378083f876d748be172b7f8982511d36771efe'
Exception while embedding user 9905cf47617f7c6a4c38ffa57f5bae048b94fec61a339ce3e07bdbd53db74352
'9905cf47617f7c6a4c38ffa57f5bae048b94fec61a339ce3e07bdbd53db74352'
Exception while embedding user 096846064c66c7a73d5cc7a7341d2ffa637d2e86e21b145df470017b0d4ceec0
'096846064c66c7a73d5cc7a7341d2ffa637d2e86e21b145df470017b0d4ceec0'
Exception while embedding user 67ffb77c37ab42f6c413c96155838369325075d672f2e687fb5bd1f07010c2ca
'67ffb77c37ab42f6c413c96155838369325075d672f2e687fb5bd1f07010c2ca'
Exception while embedding user ddd77aebb4eb4cac21edc339e54c6618493a0cf64310c8faa9df0c178b0161ea
'ddd77aebb4eb4cac21edc339e54c6618493a0cf64310c8faa9df0c178b0161ea'
Exception while embedding user 1edaed6330d2c832ebeaed54362ee1c22bf0c44bd2a85f6b420ba648a0f62366
'1edaed6330d2c832ebeaed54362ee1c22bf0c44bd2a85f6b420ba648a0f62366'
Exception while embedding user 010b78ac1ec4284102c6244f2eb932530419ed020017535334c90c15f99e8bc7
'010b78ac1ec4284102c6244f2eb932530419ed020017535334c90c15f99e8bc7'
Exception while embedding user 0c2eea434fdde4bd88ded090dca13a9fd343535718fc3ca0fcfb3b1f0ea10b5a
'0c2eea434fdde4bd88ded090dca13a9fd343535718fc3ca0fcfb3b1f0ea10b5a'
Exception while embedding user 04c2e73f157c82f805c8a398f45bf43eaa6a86b52b34e93e7b208d5087256781
'04c2e73f157c82f805c8a398f45bf43eaa6a86b52b34e93e7b208d5087256781'
Exception while embedding user f9bacd85103c1b75ac76d44964ecf32214cb33f89886490cd56c37bc28abd935
'f9bacd85103c1b75ac76d44964ecf32214cb33f89886490cd56c37bc28abd935'
Exception while embedding user 024c5f715364ad0fe088cae6d989a1c09cb70949a0da416634d06932f85b86ca
'024c5f715364ad0fe088cae6d989a1c09cb70949a0da416634d06932f85b86ca'
Exception while embedding user da89f9db044ed2747ad8add9d3788ac907f45ea1a9560693e32ae78980e16f05
'da89f9db044ed2747ad8add9d3788ac907f45ea1a9560693e32ae78980e16f05'
Exception while embedding user 0a80ba1ff18720b4d70297ce43b9959df77eaffaacc11c7a7cdb507066318187
'0a80ba1ff18720b4d70297ce43b9959df77eaffaacc11c7a7cdb507066318187'
Exception while embedding user 5fbb2a6866528b0410cea276b8b8e0147da9c6e2e827230823b291d70a38d9f5
'5fbb2a6866528b0410cea276b8b8e0147da9c6e2e827230823b291d70a38d9f5'
Exception while embedding user cee683da40f5f3f07d85bf5790c8028a30932b46e1f5aff42fd3db233c329923
'cee683da40f5f3f07d85bf5790c8028a30932b46e1f5aff42fd3db233c329923'
Exception while embedding user b49f6b049c11669f01c6a6418b295738760af16d82e6da7a02375537f6ae64f2
'b49f6b049c11669f01c6a6418b295738760af16d82e6da7a02375537f6ae64f2'
Elapsed time:0.004394054412841797
Generating source timeframe...
Exception while embedding user ddf62a134f09db7a6056190d594bd41ff2f4cf04faf5db32406bbec473f46935
'ddf62a134f09db7a6056190d594bd41ff2f4cf04faf5db32406bbec473f46935'
Exception while embedding user a78d753b103a2a4310ad6d1d49723733a6e4744bbf1beb4d0e484a48fcf73870
'a78d753b103a2a4310ad6d1d49723733a6e4744bbf1beb4d0e484a48fcf73870'
Exception while embedding user 19a734ee97b484a1a6c9625a1a3a0b5ddbabde3679ee2c8e25e85dc6017bff59
'19a734ee97b484a1a6c9625a1a3a0b5ddbabde3679ee2c8e25e85dc6017bff59'
Exception while embedding user d57699be1824c59714fb9a799b7b5b670227b07e2bde0064536151f6cf8fd9fd
'd57699be1824c59714fb9a799b7b5b670227b07e2bde0064536151f6cf8fd9fd'
Exception while embedding user 26d0132074c91843483fb0f8b0378083f876d748be172b7f8982511d36771efe
'26d0132074c91843483fb0f8b0378083f876d748be172b7f8982511d36771efe'
Exception while embedding user 9905cf47617f7c6a4c38ffa57f5bae048b94fec61a339ce3e07bdbd53db74352
'9905cf47617f7c6a4c38ffa57f5bae048b94fec61a339ce3e07bdbd53db74352'
Exception while embedding user 096846064c66c7a73d5cc7a7341d2ffa637d2e86e21b145df470017b0d4ceec0
'096846064c66c7a73d5cc7a7341d2ffa637d2e86e21b145df470017b0d4ceec0'
Exception while embedding user 67ffb77c37ab42f6c413c96155838369325075d672f2e687fb5bd1f07010c2ca
'67ffb77c37ab42f6c413c96155838369325075d672f2e687fb5bd1f07010c2ca'
Exception while embedding user ddd77aebb4eb4cac21edc339e54c6618493a0cf64310c8faa9df0c178b0161ea
'ddd77aebb4eb4cac21edc339e54c6618493a0cf64310c8faa9df0c178b0161ea'
Exception while embedding user 1edaed6330d2c832ebeaed54362ee1c22bf0c44bd2a85f6b420ba648a0f62366
'1edaed6330d2c832ebeaed54362ee1c22bf0c44bd2a85f6b420ba648a0f62366'
Exception while embedding user 010b78ac1ec4284102c6244f2eb932530419ed020017535334c90c15f99e8bc7
'010b78ac1ec4284102c6244f2eb932530419ed020017535334c90c15f99e8bc7'
Exception while embedding user 0c2eea434fdde4bd88ded090dca13a9fd343535718fc3ca0fcfb3b1f0ea10b5a
'0c2eea434fdde4bd88ded090dca13a9fd343535718fc3ca0fcfb3b1f0ea10b5a'
Exception while embedding user 04c2e73f157c82f805c8a398f45bf43eaa6a86b52b34e93e7b208d5087256781
'04c2e73f157c82f805c8a398f45bf43eaa6a86b52b34e93e7b208d5087256781'
Exception while embedding user f9bacd85103c1b75ac76d44964ecf32214cb33f89886490cd56c37bc28abd935
'f9bacd85103c1b75ac76d44964ecf32214cb33f89886490cd56c37bc28abd935'
Exception while embedding user 024c5f715364ad0fe088cae6d989a1c09cb70949a0da416634d06932f85b86ca
'024c5f715364ad0fe088cae6d989a1c09cb70949a0da416634d06932f85b86ca'
Exception while embedding user da89f9db044ed2747ad8add9d3788ac907f45ea1a9560693e32ae78980e16f05
'da89f9db044ed2747ad8add9d3788ac907f45ea1a9560693e32ae78980e16f05'
Exception while embedding user 0a80ba1ff18720b4d70297ce43b9959df77eaffaacc11c7a7cdb507066318187
'0a80ba1ff18720b4d70297ce43b9959df77eaffaacc11c7a7cdb507066318187'
Exception while embedding user 5fbb2a6866528b0410cea276b8b8e0147da9c6e2e827230823b291d70a38d9f5
'5fbb2a6866528b0410cea276b8b8e0147da9c6e2e827230823b291d70a38d9f5'
Exception while embedding user cee683da40f5f3f07d85bf5790c8028a30932b46e1f5aff42fd3db233c329923
'cee683da40f5f3f07d85bf5790c8028a30932b46e1f5aff42fd3db233c329923'
Exception while embedding user b49f6b049c11669f01c6a6418b295738760af16d82e6da7a02375537f6ae64f2
'b49f6b049c11669f01c6a6418b295738760af16d82e6da7a02375537f6ae64f2'
Elapsed time:0.004808902740478516
Generating source timeframe...
Exception while embedding user ddf62a134f09db7a6056190d594bd41ff2f4cf04faf5db32406bbec473f46935
'ddf62a134f09db7a6056190d594bd41ff2f4cf04faf5db32406bbec473f46935'
Exception while embedding user a78d753b103a2a4310ad6d1d49723733a6e4744bbf1beb4d0e484a48fcf73870
'a78d753b103a2a4310ad6d1d49723733a6e4744bbf1beb4d0e484a48fcf73870'
Exception while embedding user 19a734ee97b484a1a6c9625a1a3a0b5ddbabde3679ee2c8e25e85dc6017bff59
'19a734ee97b484a1a6c9625a1a3a0b5ddbabde3679ee2c8e25e85dc6017bff59'
Exception while embedding user d57699be1824c59714fb9a799b7b5b670227b07e2bde0064536151f6cf8fd9fd
'd57699be1824c59714fb9a799b7b5b670227b07e2bde0064536151f6cf8fd9fd'
Exception while embedding user 26d0132074c91843483fb0f8b0378083f876d748be172b7f8982511d36771efe
'26d0132074c91843483fb0f8b0378083f876d748be172b7f8982511d36771efe'
Exception while embedding user 9905cf47617f7c6a4c38ffa57f5bae048b94fec61a339ce3e07bdbd53db74352
'9905cf47617f7c6a4c38ffa57f5bae048b94fec61a339ce3e07bdbd53db74352'
Exception while embedding user 096846064c66c7a73d5cc7a7341d2ffa637d2e86e21b145df470017b0d4ceec0
'096846064c66c7a73d5cc7a7341d2ffa637d2e86e21b145df470017b0d4ceec0'
Exception while embedding user 67ffb77c37ab42f6c413c96155838369325075d672f2e687fb5bd1f07010c2ca
'67ffb77c37ab42f6c413c96155838369325075d672f2e687fb5bd1f07010c2ca'
Exception while embedding user ddd77aebb4eb4cac21edc339e54c6618493a0cf64310c8faa9df0c178b0161ea
'ddd77aebb4eb4cac21edc339e54c6618493a0cf64310c8faa9df0c178b0161ea'
Exception while embedding user 1edaed6330d2c832ebeaed54362ee1c22bf0c44bd2a85f6b420ba648a0f62366
'1edaed6330d2c832ebeaed54362ee1c22bf0c44bd2a85f6b420ba648a0f62366'
Exception while embedding user 010b78ac1ec4284102c6244f2eb932530419ed020017535334c90c15f99e8bc7
'010b78ac1ec4284102c6244f2eb932530419ed020017535334c90c15f99e8bc7'
Exception while embedding user 0c2eea434fdde4bd88ded090dca13a9fd343535718fc3ca0fcfb3b1f0ea10b5a
'0c2eea434fdde4bd88ded090dca13a9fd343535718fc3ca0fcfb3b1f0ea10b5a'
Exception while embedding user 04c2e73f157c82f805c8a398f45bf43eaa6a86b52b34e93e7b208d5087256781
'04c2e73f157c82f805c8a398f45bf43eaa6a86b52b34e93e7b208d5087256781'
Exception while embedding user f9bacd85103c1b75ac76d44964ecf32214cb33f89886490cd56c37bc28abd935
'f9bacd85103c1b75ac76d44964ecf32214cb33f89886490cd56c37bc28abd935'
Exception while embedding user 024c5f715364ad0fe088cae6d989a1c09cb70949a0da416634d06932f85b86ca
'024c5f715364ad0fe088cae6d989a1c09cb70949a0da416634d06932f85b86ca'
Exception while embedding user da89f9db044ed2747ad8add9d3788ac907f45ea1a9560693e32ae78980e16f05
'da89f9db044ed2747ad8add9d3788ac907f45ea1a9560693e32ae78980e16f05'
Exception while embedding user 0a80ba1ff18720b4d70297ce43b9959df77eaffaacc11c7a7cdb507066318187
'0a80ba1ff18720b4d70297ce43b9959df77eaffaacc11c7a7cdb507066318187'
Exception while embedding user 5fbb2a6866528b0410cea276b8b8e0147da9c6e2e827230823b291d70a38d9f5
'5fbb2a6866528b0410cea276b8b8e0147da9c6e2e827230823b291d70a38d9f5'
Exception while embedding user cee683da40f5f3f07d85bf5790c8028a30932b46e1f5aff42fd3db233c329923
'cee683da40f5f3f07d85bf5790c8028a30932b46e1f5aff42fd3db233c329923'
Exception while embedding user b49f6b049c11669f01c6a6418b295738760af16d82e6da7a02375537f6ae64f2
'b49f6b049c11669f01c6a6418b295738760af16d82e6da7a02375537f6ae64f2'
Elapsed time:0.0045435428619384766
Generating source timeframe...
Exception while embedding user ddf62a134f09db7a6056190d594bd41ff2f4cf04faf5db32406bbec473f46935
'ddf62a134f09db7a6056190d594bd41ff2f4cf04faf5db32406bbec473f46935'
Exception while embedding user a78d753b103a2a4310ad6d1d49723733a6e4744bbf1beb4d0e484a48fcf73870
'a78d753b103a2a4310ad6d1d49723733a6e4744bbf1beb4d0e484a48fcf73870'
Exception while embedding user 19a734ee97b484a1a6c9625a1a3a0b5ddbabde3679ee2c8e25e85dc6017bff59
'19a734ee97b484a1a6c9625a1a3a0b5ddbabde3679ee2c8e25e85dc6017bff59'
Exception while embedding user d57699be1824c59714fb9a799b7b5b670227b07e2bde0064536151f6cf8fd9fd
'd57699be1824c59714fb9a799b7b5b670227b07e2bde0064536151f6cf8fd9fd'
Exception while embedding user 26d0132074c91843483fb0f8b0378083f876d748be172b7f8982511d36771efe
'26d0132074c91843483fb0f8b0378083f876d748be172b7f8982511d36771efe'
Exception while embedding user 9905cf47617f7c6a4c38ffa57f5bae048b94fec61a339ce3e07bdbd53db74352
'9905cf47617f7c6a4c38ffa57f5bae048b94fec61a339ce3e07bdbd53db74352'
Exception while embedding user 096846064c66c7a73d5cc7a7341d2ffa637d2e86e21b145df470017b0d4ceec0
'096846064c66c7a73d5cc7a7341d2ffa637d2e86e21b145df470017b0d4ceec0'
Exception while embedding user 67ffb77c37ab42f6c413c96155838369325075d672f2e687fb5bd1f07010c2ca
'67ffb77c37ab42f6c413c96155838369325075d672f2e687fb5bd1f07010c2ca'
Exception while embedding user ddd77aebb4eb4cac21edc339e54c6618493a0cf64310c8faa9df0c178b0161ea
'ddd77aebb4eb4cac21edc339e54c6618493a0cf64310c8faa9df0c178b0161ea'
Exception while embedding user 1edaed6330d2c832ebeaed54362ee1c22bf0c44bd2a85f6b420ba648a0f62366
'1edaed6330d2c832ebeaed54362ee1c22bf0c44bd2a85f6b420ba648a0f62366'
Exception while embedding user 010b78ac1ec4284102c6244f2eb932530419ed020017535334c90c15f99e8bc7
'010b78ac1ec4284102c6244f2eb932530419ed020017535334c90c15f99e8bc7'
Exception while embedding user 0c2eea434fdde4bd88ded090dca13a9fd343535718fc3ca0fcfb3b1f0ea10b5a
'0c2eea434fdde4bd88ded090dca13a9fd343535718fc3ca0fcfb3b1f0ea10b5a'
Exception while embedding user 04c2e73f157c82f805c8a398f45bf43eaa6a86b52b34e93e7b208d5087256781
'04c2e73f157c82f805c8a398f45bf43eaa6a86b52b34e93e7b208d5087256781'
Exception while embedding user f9bacd85103c1b75ac76d44964ecf32214cb33f89886490cd56c37bc28abd935
'f9bacd85103c1b75ac76d44964ecf32214cb33f89886490cd56c37bc28abd935'
Exception while embedding user 024c5f715364ad0fe088cae6d989a1c09cb70949a0da416634d06932f85b86ca
'024c5f715364ad0fe088cae6d989a1c09cb70949a0da416634d06932f85b86ca'
Exception while embedding user da89f9db044ed2747ad8add9d3788ac907f45ea1a9560693e32ae78980e16f05
'da89f9db044ed2747ad8add9d3788ac907f45ea1a9560693e32ae78980e16f05'
Exception while embedding user 0a80ba1ff18720b4d70297ce43b9959df77eaffaacc11c7a7cdb507066318187
'0a80ba1ff18720b4d70297ce43b9959df77eaffaacc11c7a7cdb507066318187'
Exception while embedding user 5fbb2a6866528b0410cea276b8b8e0147da9c6e2e827230823b291d70a38d9f5
'5fbb2a6866528b0410cea276b8b8e0147da9c6e2e827230823b291d70a38d9f5'
Exception while embedding user cee683da40f5f3f07d85bf5790c8028a30932b46e1f5aff42fd3db233c329923
'cee683da40f5f3f07d85bf5790c8028a30932b46e1f5aff42fd3db233c329923'
Exception while embedding user b49f6b049c11669f01c6a6418b295738760af16d82e6da7a02375537f6ae64f2
'b49f6b049c11669f01c6a6418b295738760af16d82e6da7a02375537f6ae64f2'
Elapsed time:0.00452113151550293
Generating source timeframe...
Exception while embedding user ddf62a134f09db7a6056190d594bd41ff2f4cf04faf5db32406bbec473f46935
'ddf62a134f09db7a6056190d594bd41ff2f4cf04faf5db32406bbec473f46935'
Exception while embedding user a78d753b103a2a4310ad6d1d49723733a6e4744bbf1beb4d0e484a48fcf73870
'a78d753b103a2a4310ad6d1d49723733a6e4744bbf1beb4d0e484a48fcf73870'
Exception while embedding user 19a734ee97b484a1a6c9625a1a3a0b5ddbabde3679ee2c8e25e85dc6017bff59
'19a734ee97b484a1a6c9625a1a3a0b5ddbabde3679ee2c8e25e85dc6017bff59'
Exception while embedding user d57699be1824c59714fb9a799b7b5b670227b07e2bde0064536151f6cf8fd9fd
'd57699be1824c59714fb9a799b7b5b670227b07e2bde0064536151f6cf8fd9fd'
Exception while embedding user 26d0132074c91843483fb0f8b0378083f876d748be172b7f8982511d36771efe
'26d0132074c91843483fb0f8b0378083f876d748be172b7f8982511d36771efe'
Exception while embedding user 9905cf47617f7c6a4c38ffa57f5bae048b94fec61a339ce3e07bdbd53db74352
'9905cf47617f7c6a4c38ffa57f5bae048b94fec61a339ce3e07bdbd53db74352'
Exception while embedding user 096846064c66c7a73d5cc7a7341d2ffa637d2e86e21b145df470017b0d4ceec0
'096846064c66c7a73d5cc7a7341d2ffa637d2e86e21b145df470017b0d4ceec0'
Exception while embedding user 67ffb77c37ab42f6c413c96155838369325075d672f2e687fb5bd1f07010c2ca
'67ffb77c37ab42f6c413c96155838369325075d672f2e687fb5bd1f07010c2ca'
Exception while embedding user ddd77aebb4eb4cac21edc339e54c6618493a0cf64310c8faa9df0c178b0161ea
'ddd77aebb4eb4cac21edc339e54c6618493a0cf64310c8faa9df0c178b0161ea'
Exception while embedding user 1edaed6330d2c832ebeaed54362ee1c22bf0c44bd2a85f6b420ba648a0f62366
'1edaed6330d2c832ebeaed54362ee1c22bf0c44bd2a85f6b420ba648a0f62366'
Exception while embedding user 010b78ac1ec4284102c6244f2eb932530419ed020017535334c90c15f99e8bc7
'010b78ac1ec4284102c6244f2eb932530419ed020017535334c90c15f99e8bc7'
Exception while embedding user 0c2eea434fdde4bd88ded090dca13a9fd343535718fc3ca0fcfb3b1f0ea10b5a
'0c2eea434fdde4bd88ded090dca13a9fd343535718fc3ca0fcfb3b1f0ea10b5a'
Exception while embedding user 04c2e73f157c82f805c8a398f45bf43eaa6a86b52b34e93e7b208d5087256781
'04c2e73f157c82f805c8a398f45bf43eaa6a86b52b34e93e7b208d5087256781'
Exception while embedding user f9bacd85103c1b75ac76d44964ecf32214cb33f89886490cd56c37bc28abd935
'f9bacd85103c1b75ac76d44964ecf32214cb33f89886490cd56c37bc28abd935'
Exception while embedding user 024c5f715364ad0fe088cae6d989a1c09cb70949a0da416634d06932f85b86ca
'024c5f715364ad0fe088cae6d989a1c09cb70949a0da416634d06932f85b86ca'
Exception while embedding user da89f9db044ed2747ad8add9d3788ac907f45ea1a9560693e32ae78980e16f05
'da89f9db044ed2747ad8add9d3788ac907f45ea1a9560693e32ae78980e16f05'
Exception while embedding user 0a80ba1ff18720b4d70297ce43b9959df77eaffaacc11c7a7cdb507066318187
'0a80ba1ff18720b4d70297ce43b9959df77eaffaacc11c7a7cdb507066318187'
Exception while embedding user 5fbb2a6866528b0410cea276b8b8e0147da9c6e2e827230823b291d70a38d9f5
'5fbb2a6866528b0410cea276b8b8e0147da9c6e2e827230823b291d70a38d9f5'
Exception while embedding user cee683da40f5f3f07d85bf5790c8028a30932b46e1f5aff42fd3db233c329923
'cee683da40f5f3f07d85bf5790c8028a30932b46e1f5aff42fd3db233c329923'
Exception while embedding user b49f6b049c11669f01c6a6418b295738760af16d82e6da7a02375537f6ae64f2
'b49f6b049c11669f01c6a6418b295738760af16d82e6da7a02375537f6ae64f2'
Elapsed time:0.005026817321777344
Generating source timeframe...
Exception while embedding user ddf62a134f09db7a6056190d594bd41ff2f4cf04faf5db32406bbec473f46935
'ddf62a134f09db7a6056190d594bd41ff2f4cf04faf5db32406bbec473f46935'
Exception while embedding user a78d753b103a2a4310ad6d1d49723733a6e4744bbf1beb4d0e484a48fcf73870
'a78d753b103a2a4310ad6d1d49723733a6e4744bbf1beb4d0e484a48fcf73870'
Exception while embedding user 19a734ee97b484a1a6c9625a1a3a0b5ddbabde3679ee2c8e25e85dc6017bff59
'19a734ee97b484a1a6c9625a1a3a0b5ddbabde3679ee2c8e25e85dc6017bff59'
Exception while embedding user d57699be1824c59714fb9a799b7b5b670227b07e2bde0064536151f6cf8fd9fd
'd57699be1824c59714fb9a799b7b5b670227b07e2bde0064536151f6cf8fd9fd'
Exception while embedding user 26d0132074c91843483fb0f8b0378083f876d748be172b7f8982511d36771efe
'26d0132074c91843483fb0f8b0378083f876d748be172b7f8982511d36771efe'
Exception while embedding user 9905cf47617f7c6a4c38ffa57f5bae048b94fec61a339ce3e07bdbd53db74352
'9905cf47617f7c6a4c38ffa57f5bae048b94fec61a339ce3e07bdbd53db74352'
Exception while embedding user 096846064c66c7a73d5cc7a7341d2ffa637d2e86e21b145df470017b0d4ceec0
'096846064c66c7a73d5cc7a7341d2ffa637d2e86e21b145df470017b0d4ceec0'
Exception while embedding user 67ffb77c37ab42f6c413c96155838369325075d672f2e687fb5bd1f07010c2ca
'67ffb77c37ab42f6c413c96155838369325075d672f2e687fb5bd1f07010c2ca'
Exception while embedding user ddd77aebb4eb4cac21edc339e54c6618493a0cf64310c8faa9df0c178b0161ea
'ddd77aebb4eb4cac21edc339e54c6618493a0cf64310c8faa9df0c178b0161ea'
Exception while embedding user 1edaed6330d2c832ebeaed54362ee1c22bf0c44bd2a85f6b420ba648a0f62366
'1edaed6330d2c832ebeaed54362ee1c22bf0c44bd2a85f6b420ba648a0f62366'
Exception while embedding user 010b78ac1ec4284102c6244f2eb932530419ed020017535334c90c15f99e8bc7
'010b78ac1ec4284102c6244f2eb932530419ed020017535334c90c15f99e8bc7'
Exception while embedding user 0c2eea434fdde4bd88ded090dca13a9fd343535718fc3ca0fcfb3b1f0ea10b5a
'0c2eea434fdde4bd88ded090dca13a9fd343535718fc3ca0fcfb3b1f0ea10b5a'
Exception while embedding user 04c2e73f157c82f805c8a398f45bf43eaa6a86b52b34e93e7b208d5087256781
'04c2e73f157c82f805c8a398f45bf43eaa6a86b52b34e93e7b208d5087256781'
Exception while embedding user f9bacd85103c1b75ac76d44964ecf32214cb33f89886490cd56c37bc28abd935
'f9bacd85103c1b75ac76d44964ecf32214cb33f89886490cd56c37bc28abd935'
Exception while embedding user 024c5f715364ad0fe088cae6d989a1c09cb70949a0da416634d06932f85b86ca
'024c5f715364ad0fe088cae6d989a1c09cb70949a0da416634d06932f85b86ca'
Exception while embedding user da89f9db044ed2747ad8add9d3788ac907f45ea1a9560693e32ae78980e16f05
'da89f9db044ed2747ad8add9d3788ac907f45ea1a9560693e32ae78980e16f05'
Exception while embedding user 0a80ba1ff18720b4d70297ce43b9959df77eaffaacc11c7a7cdb507066318187
'0a80ba1ff18720b4d70297ce43b9959df77eaffaacc11c7a7cdb507066318187'
Exception while embedding user 5fbb2a6866528b0410cea276b8b8e0147da9c6e2e827230823b291d70a38d9f5
'5fbb2a6866528b0410cea276b8b8e0147da9c6e2e827230823b291d70a38d9f5'
Exception while embedding user cee683da40f5f3f07d85bf5790c8028a30932b46e1f5aff42fd3db233c329923
'cee683da40f5f3f07d85bf5790c8028a30932b46e1f5aff42fd3db233c329923'
Exception while embedding user b49f6b049c11669f01c6a6418b295738760af16d82e6da7a02375537f6ae64f2
'b49f6b049c11669f01c6a6418b295738760af16d82e6da7a02375537f6ae64f2'
Elapsed time:0.007164716720581055
Generating source timeframe...
Exception while embedding user ddf62a134f09db7a6056190d594bd41ff2f4cf04faf5db32406bbec473f46935
'ddf62a134f09db7a6056190d594bd41ff2f4cf04faf5db32406bbec473f46935'
Exception while embedding user a78d753b103a2a4310ad6d1d49723733a6e4744bbf1beb4d0e484a48fcf73870
'a78d753b103a2a4310ad6d1d49723733a6e4744bbf1beb4d0e484a48fcf73870'
Exception while embedding user 19a734ee97b484a1a6c9625a1a3a0b5ddbabde3679ee2c8e25e85dc6017bff59
'19a734ee97b484a1a6c9625a1a3a0b5ddbabde3679ee2c8e25e85dc6017bff59'
Exception while embedding user d57699be1824c59714fb9a799b7b5b670227b07e2bde0064536151f6cf8fd9fd
'd57699be1824c59714fb9a799b7b5b670227b07e2bde0064536151f6cf8fd9fd'
Exception while embedding user 26d0132074c91843483fb0f8b0378083f876d748be172b7f8982511d36771efe
'26d0132074c91843483fb0f8b0378083f876d748be172b7f8982511d36771efe'
Exception while embedding user 9905cf47617f7c6a4c38ffa57f5bae048b94fec61a339ce3e07bdbd53db74352
'9905cf47617f7c6a4c38ffa57f5bae048b94fec61a339ce3e07bdbd53db74352'
Exception while embedding user 096846064c66c7a73d5cc7a7341d2ffa637d2e86e21b145df470017b0d4ceec0
'096846064c66c7a73d5cc7a7341d2ffa637d2e86e21b145df470017b0d4ceec0'
Exception while embedding user 67ffb77c37ab42f6c413c96155838369325075d672f2e687fb5bd1f07010c2ca
'67ffb77c37ab42f6c413c96155838369325075d672f2e687fb5bd1f07010c2ca'
Exception while embedding user ddd77aebb4eb4cac21edc339e54c6618493a0cf64310c8faa9df0c178b0161ea
'ddd77aebb4eb4cac21edc339e54c6618493a0cf64310c8faa9df0c178b0161ea'
Exception while embedding user 1edaed6330d2c832ebeaed54362ee1c22bf0c44bd2a85f6b420ba648a0f62366
'1edaed6330d2c832ebeaed54362ee1c22bf0c44bd2a85f6b420ba648a0f62366'
Exception while embedding user 010b78ac1ec4284102c6244f2eb932530419ed020017535334c90c15f99e8bc7
'010b78ac1ec4284102c6244f2eb932530419ed020017535334c90c15f99e8bc7'
Exception while embedding user 0c2eea434fdde4bd88ded090dca13a9fd343535718fc3ca0fcfb3b1f0ea10b5a
'0c2eea434fdde4bd88ded090dca13a9fd343535718fc3ca0fcfb3b1f0ea10b5a'
Exception while embedding user 04c2e73f157c82f805c8a398f45bf43eaa6a86b52b34e93e7b208d5087256781
'04c2e73f157c82f805c8a398f45bf43eaa6a86b52b34e93e7b208d5087256781'
Exception while embedding user f9bacd85103c1b75ac76d44964ecf32214cb33f89886490cd56c37bc28abd935
'f9bacd85103c1b75ac76d44964ecf32214cb33f89886490cd56c37bc28abd935'
Exception while embedding user 024c5f715364ad0fe088cae6d989a1c09cb70949a0da416634d06932f85b86ca
'024c5f715364ad0fe088cae6d989a1c09cb70949a0da416634d06932f85b86ca'
Exception while embedding user da89f9db044ed2747ad8add9d3788ac907f45ea1a9560693e32ae78980e16f05
'da89f9db044ed2747ad8add9d3788ac907f45ea1a9560693e32ae78980e16f05'
Exception while embedding user 0a80ba1ff18720b4d70297ce43b9959df77eaffaacc11c7a7cdb507066318187
'0a80ba1ff18720b4d70297ce43b9959df77eaffaacc11c7a7cdb507066318187'
Exception while embedding user 5fbb2a6866528b0410cea276b8b8e0147da9c6e2e827230823b291d70a38d9f5
'5fbb2a6866528b0410cea276b8b8e0147da9c6e2e827230823b291d70a38d9f5'
Exception while embedding user cee683da40f5f3f07d85bf5790c8028a30932b46e1f5aff42fd3db233c329923
'cee683da40f5f3f07d85bf5790c8028a30932b46e1f5aff42fd3db233c329923'
Exception while embedding user b49f6b049c11669f01c6a6418b295738760af16d82e6da7a02375537f6ae64f2
'b49f6b049c11669f01c6a6418b295738760af16d82e6da7a02375537f6ae64f2'
Elapsed time:0.004661083221435547
Generating source timeframe...
Exception while embedding user ddf62a134f09db7a6056190d594bd41ff2f4cf04faf5db32406bbec473f46935
'ddf62a134f09db7a6056190d594bd41ff2f4cf04faf5db32406bbec473f46935'
Exception while embedding user a78d753b103a2a4310ad6d1d49723733a6e4744bbf1beb4d0e484a48fcf73870
'a78d753b103a2a4310ad6d1d49723733a6e4744bbf1beb4d0e484a48fcf73870'
Exception while embedding user 19a734ee97b484a1a6c9625a1a3a0b5ddbabde3679ee2c8e25e85dc6017bff59
'19a734ee97b484a1a6c9625a1a3a0b5ddbabde3679ee2c8e25e85dc6017bff59'
Exception while embedding user d57699be1824c59714fb9a799b7b5b670227b07e2bde0064536151f6cf8fd9fd
'd57699be1824c59714fb9a799b7b5b670227b07e2bde0064536151f6cf8fd9fd'
Exception while embedding user 26d0132074c91843483fb0f8b0378083f876d748be172b7f8982511d36771efe
'26d0132074c91843483fb0f8b0378083f876d748be172b7f8982511d36771efe'
Exception while embedding user 9905cf47617f7c6a4c38ffa57f5bae048b94fec61a339ce3e07bdbd53db74352
'9905cf47617f7c6a4c38ffa57f5bae048b94fec61a339ce3e07bdbd53db74352'
Exception while embedding user 096846064c66c7a73d5cc7a7341d2ffa637d2e86e21b145df470017b0d4ceec0
'096846064c66c7a73d5cc7a7341d2ffa637d2e86e21b145df470017b0d4ceec0'
Exception while embedding user 67ffb77c37ab42f6c413c96155838369325075d672f2e687fb5bd1f07010c2ca
'67ffb77c37ab42f6c413c96155838369325075d672f2e687fb5bd1f07010c2ca'
Exception while embedding user ddd77aebb4eb4cac21edc339e54c6618493a0cf64310c8faa9df0c178b0161ea
'ddd77aebb4eb4cac21edc339e54c6618493a0cf64310c8faa9df0c178b0161ea'
Exception while embedding user 1edaed6330d2c832ebeaed54362ee1c22bf0c44bd2a85f6b420ba648a0f62366
'1edaed6330d2c832ebeaed54362ee1c22bf0c44bd2a85f6b420ba648a0f62366'
Exception while embedding user 010b78ac1ec4284102c6244f2eb932530419ed020017535334c90c15f99e8bc7
'010b78ac1ec4284102c6244f2eb932530419ed020017535334c90c15f99e8bc7'
Exception while embedding user 0c2eea434fdde4bd88ded090dca13a9fd343535718fc3ca0fcfb3b1f0ea10b5a
'0c2eea434fdde4bd88ded090dca13a9fd343535718fc3ca0fcfb3b1f0ea10b5a'
Exception while embedding user 04c2e73f157c82f805c8a398f45bf43eaa6a86b52b34e93e7b208d5087256781
'04c2e73f157c82f805c8a398f45bf43eaa6a86b52b34e93e7b208d5087256781'
Exception while embedding user f9bacd85103c1b75ac76d44964ecf32214cb33f89886490cd56c37bc28abd935
'f9bacd85103c1b75ac76d44964ecf32214cb33f89886490cd56c37bc28abd935'
Exception while embedding user 024c5f715364ad0fe088cae6d989a1c09cb70949a0da416634d06932f85b86ca
'024c5f715364ad0fe088cae6d989a1c09cb70949a0da416634d06932f85b86ca'
Exception while embedding user da89f9db044ed2747ad8add9d3788ac907f45ea1a9560693e32ae78980e16f05
'da89f9db044ed2747ad8add9d3788ac907f45ea1a9560693e32ae78980e16f05'
Exception while embedding user 0a80ba1ff18720b4d70297ce43b9959df77eaffaacc11c7a7cdb507066318187
'0a80ba1ff18720b4d70297ce43b9959df77eaffaacc11c7a7cdb507066318187'
Exception while embedding user 5fbb2a6866528b0410cea276b8b8e0147da9c6e2e827230823b291d70a38d9f5
'5fbb2a6866528b0410cea276b8b8e0147da9c6e2e827230823b291d70a38d9f5'
Exception while embedding user cee683da40f5f3f07d85bf5790c8028a30932b46e1f5aff42fd3db233c329923
'cee683da40f5f3f07d85bf5790c8028a30932b46e1f5aff42fd3db233c329923'
Exception while embedding user b49f6b049c11669f01c6a6418b295738760af16d82e6da7a02375537f6ae64f2
'b49f6b049c11669f01c6a6418b295738760af16d82e6da7a02375537f6ae64f2'
Elapsed time:0.004458189010620117
Generating source timeframe...
Exception while embedding user ddf62a134f09db7a6056190d594bd41ff2f4cf04faf5db32406bbec473f46935
'ddf62a134f09db7a6056190d594bd41ff2f4cf04faf5db32406bbec473f46935'
Exception while embedding user a78d753b103a2a4310ad6d1d49723733a6e4744bbf1beb4d0e484a48fcf73870
'a78d753b103a2a4310ad6d1d49723733a6e4744bbf1beb4d0e484a48fcf73870'
Exception while embedding user 19a734ee97b484a1a6c9625a1a3a0b5ddbabde3679ee2c8e25e85dc6017bff59
'19a734ee97b484a1a6c9625a1a3a0b5ddbabde3679ee2c8e25e85dc6017bff59'
Exception while embedding user d57699be1824c59714fb9a799b7b5b670227b07e2bde0064536151f6cf8fd9fd
'd57699be1824c59714fb9a799b7b5b670227b07e2bde0064536151f6cf8fd9fd'
Exception while embedding user 26d0132074c91843483fb0f8b0378083f876d748be172b7f8982511d36771efe
'26d0132074c91843483fb0f8b0378083f876d748be172b7f8982511d36771efe'
Exception while embedding user 9905cf47617f7c6a4c38ffa57f5bae048b94fec61a339ce3e07bdbd53db74352
'9905cf47617f7c6a4c38ffa57f5bae048b94fec61a339ce3e07bdbd53db74352'
Exception while embedding user 096846064c66c7a73d5cc7a7341d2ffa637d2e86e21b145df470017b0d4ceec0
'096846064c66c7a73d5cc7a7341d2ffa637d2e86e21b145df470017b0d4ceec0'
Exception while embedding user 67ffb77c37ab42f6c413c96155838369325075d672f2e687fb5bd1f07010c2ca
'67ffb77c37ab42f6c413c96155838369325075d672f2e687fb5bd1f07010c2ca'
Exception while embedding user ddd77aebb4eb4cac21edc339e54c6618493a0cf64310c8faa9df0c178b0161ea
'ddd77aebb4eb4cac21edc339e54c6618493a0cf64310c8faa9df0c178b0161ea'
Exception while embedding user 1edaed6330d2c832ebeaed54362ee1c22bf0c44bd2a85f6b420ba648a0f62366
'1edaed6330d2c832ebeaed54362ee1c22bf0c44bd2a85f6b420ba648a0f62366'
Exception while embedding user 010b78ac1ec4284102c6244f2eb932530419ed020017535334c90c15f99e8bc7
'010b78ac1ec4284102c6244f2eb932530419ed020017535334c90c15f99e8bc7'
Exception while embedding user 0c2eea434fdde4bd88ded090dca13a9fd343535718fc3ca0fcfb3b1f0ea10b5a
'0c2eea434fdde4bd88ded090dca13a9fd343535718fc3ca0fcfb3b1f0ea10b5a'
Exception while embedding user 04c2e73f157c82f805c8a398f45bf43eaa6a86b52b34e93e7b208d5087256781
'04c2e73f157c82f805c8a398f45bf43eaa6a86b52b34e93e7b208d5087256781'
Exception while embedding user f9bacd85103c1b75ac76d44964ecf32214cb33f89886490cd56c37bc28abd935
'f9bacd85103c1b75ac76d44964ecf32214cb33f89886490cd56c37bc28abd935'
Exception while embedding user 024c5f715364ad0fe088cae6d989a1c09cb70949a0da416634d06932f85b86ca
'024c5f715364ad0fe088cae6d989a1c09cb70949a0da416634d06932f85b86ca'
Exception while embedding user da89f9db044ed2747ad8add9d3788ac907f45ea1a9560693e32ae78980e16f05
'da89f9db044ed2747ad8add9d3788ac907f45ea1a9560693e32ae78980e16f05'
Exception while embedding user 0a80ba1ff18720b4d70297ce43b9959df77eaffaacc11c7a7cdb507066318187
'0a80ba1ff18720b4d70297ce43b9959df77eaffaacc11c7a7cdb507066318187'
Exception while embedding user 5fbb2a6866528b0410cea276b8b8e0147da9c6e2e827230823b291d70a38d9f5
'5fbb2a6866528b0410cea276b8b8e0147da9c6e2e827230823b291d70a38d9f5'
Exception while embedding user cee683da40f5f3f07d85bf5790c8028a30932b46e1f5aff42fd3db233c329923
'cee683da40f5f3f07d85bf5790c8028a30932b46e1f5aff42fd3db233c329923'
Exception while embedding user b49f6b049c11669f01c6a6418b295738760af16d82e6da7a02375537f6ae64f2
'b49f6b049c11669f01c6a6418b295738760af16d82e6da7a02375537f6ae64f2'
Elapsed time:0.004403829574584961
Loading source timeframes
../data/reddit_dataset/linguistic/cosine/avg/bert_embeddings/source/source_graph_0.pkl
Loading source timeframes
../data/reddit_dataset/linguistic/cosine/avg/bert_embeddings/source/source_graph_1.pkl
Loading source timeframes
../data/reddit_dataset/linguistic/cosine/avg/bert_embeddings/source/source_graph_2.pkl
Loading source timeframes
../data/reddit_dataset/linguistic/cosine/avg/bert_embeddings/source/source_graph_3.pkl
Loading source timeframes
../data/reddit_dataset/linguistic/cosine/avg/bert_embeddings/source/source_graph_4.pkl
Loading source timeframes
../data/reddit_dataset/linguistic/cosine/avg/bert_embeddings/source/source_graph_5.pkl
Loading source timeframes
../data/reddit_dataset/linguistic/cosine/avg/bert_embeddings/source/source_graph_6.pkl
Loading source timeframes
../data/reddit_dataset/linguistic/cosine/avg/bert_embeddings/source/source_graph_7.pkl
Loading source timeframes
../data/reddit_dataset/linguistic/cosine/avg/bert_embeddings/source/source_graph_8.pkl
Loading source timeframes
../data/reddit_dataset/linguistic/cosine/avg/bert_embeddings/source/source_graph_9.pkl
Loading source timeframes
../data/reddit_dataset/linguistic/cosine/avg/bert_embeddings/source/source_graph_10.pkl
Loading source timeframes
../data/reddit_dataset/linguistic/cosine/avg/bert_embeddings/source/source_graph_11.pkl
Loading source timeframes
../data/reddit_dataset/linguistic/cosine/avg/bert_embeddings/source/source_graph_12.pkl
Loading source timeframes
../data/reddit_dataset/linguistic/cosine/avg/bert_embeddings/source/source_graph_13.pkl
Loading source timeframes
../data/reddit_dataset/linguistic/cosine/avg/bert_embeddings/source/source_graph_14.pkl
Loading source timeframes
../data/reddit_dataset/linguistic/cosine/avg/bert_embeddings/source/source_graph_15.pkl
